5
1
0
0
996
0
0
73
95
11
29
54
64
42
27
18
47
49
6
31
0
20
201
139
37
38
33
65
121
43
31
24
33
58
148
187
63
143
6
67
38
46
17
39
11
30
29
99
35
99
11
56
40
37
53
12
52
117
73
12
48
118
11
7
34
147
29
36
9
2
35
59
235
29
38
36
44
22
149
98
96
4
93
31
74
19
45
168
60
8
94
78
74
58
38
94
13
202
135
112
71
0
166
127
84
87
17
26
87
14
36
79
33
135
18
101
87
65
18
28
0
32
84
98
120
67
4
26
82
76
86
83
36
1
49
69
0
78
38
32
58
7
83
75
55
22
11
7
20
119
0
23
113
21
107
226
49
100
7
62
33
18
37
54
28
90
25
49
93
113
65
37
47
13
40
127
82
61
66
39
52
102
48
0
117
10
6
71
55
8
7
31
95
26
10
33
104
56
7
153
37
7
38
39
174
37
29
40
50
0
30
104
102
13
20
52
25
78
24
16
170
41
64
44
36
120
76
49
65
16
136
14
27
54
101
105
7
184
27
38
143
65
12
80
80
31
41
7
2
93
32
91
53
144
79
38
112
92
6
17
65
76
80
78
71
84
89
43
0
48
67
39
31
16
125
109
22
19
30
64
31
18
11
23
138
77
54
29
81
35
34
8
97
40
4
0
39
46
40
47
38
86
18
32
29
57
89
82
99
72
137
53
144
187
30
39
71
21
99
35
32
55
11
30
44
72
48
2
36
27
53
129
0
80
8
0
37
22
121
53
46
1
21
30
32
150
133
41
42
31
39
67
15
70
34
58
28
0
106
7
0
101
108
4
77
12
109
21
15
61
56
44
8
16
44
13
59
0
205
42
46
57
106
10
23
3
23
36
4
145
165
43
45
8
2
34
84
91
5
3
84
68
57
58
61
95
28
13
52
48
129
46
26
48
34
99
15
47
19
169
4
18
0
4
11
84
57
136
25
66
28
45
109
45
60
12
69
79
90
154
24
150
109
23
67
40
20
34
64
86
38
120
97
16
15
93
37
73
36
48
189
50
125
132
27
50
43
60
82
31
11
34
143
64
67
112
108
150
49
181
96
76
124
2
53
4
8
34
54
34
24
12
31
13
5
36
5
49
1
142
51
45
41
56
56
6
18
68
34
24
26
11
194
80
39
37
45
56
74
25
92
0
32
43
88
102
12
82
123
25
93
67
34
123
20
50
30
151
180
36
84
66
0
28
70
31
152
92
2
118
101
85
68
81
56
74
37
12
37
10
16
124
11
30
84
84
113
54
35
100
3
63
39
38
10
60
115
18
48
66
128
154
33
121
0
39
61
36
85
34
44
106
89
43
43
66
82
20
45
69
100
34
24
34
80
120
157
45
49
31
0
51
26
40
35
88
25
80
43
6
151
91
140
89
26
46
39
41
111
73
47
34
85
144
111
15
83
56
91
0
45
20
53
49
19
66
27
5
103
61
85
62
64
85
28
24
124
29
124
23
17
21
24
142
29
113
59
81
139
24
34
65
19
112
2
16
44
29
160
25
18
5
38
42
114
60
97
103
118
109
186
129
77
77
111
57
44
24
45
90
113
43
46
55
50
63
30
35
125
12
69
77
46
184
32
56
67
19
6
88
17
51
138
86
14
34
0
11
82
49
68
75
116
134
21
62
9
81
12
203
16
0
118
91
33
125
150
0
58
18
34
19
58
99
34
26
101
36
49
50
119
14
28
41
47
65
15
18
127
32
10
131
4
92
75
212
203
67
29
19
155
49
114
70
87
17
57
118
222
17
160
42
176
46
2
107
123
64
15
98
88
88
76
45
86
171
25
52
22
65
64
1
44
37
8
12
60
33
34
61
58
51
119
46
94
31
57
14
44
20
59
28
77
94
16
71
109
23
25
19
174
4
58
193
54
25
78
82
127
57
94
73
89
39
124
39
81
41
65
4
34
6
7
51
10
155
55
45
54
0
1
64
0
90
65
19
140
109
49
4
136
42
32
14
34
33
0
53
46
21
70
31
28
46
0
170
0
34
34
57
38
86
96
105
1
48
175
29
33
43
68
189
44
12
22
148
11
83
6
11
46
155
129
105
20
6
19
115
27
42
21
116
60
51
10
86
43
24
30
55
13
86
20
16
10
8
14
47
99
132
47
7
37
27
16
156
73
21
52
50
22
70
29
32
33
48
80
69
83
115
13
116
84
39
72
61
64
86
23
50
67
59
68
40
8
165
48
135
18
27
26
30
35
14
61
14
57
70
19
174
14
247
62
23
79
17
38
3
27
1
6
12
0
32
0
12
15
31
0
30
5
1
17
8
8
9
32
53
20
49
4
25
17
11
16
32
19
8
22
36
13
0
2
0
7
3
23
7
35
8
10
22
8
0
4
3
18
48
16
20
25
2
34
12
18
32
26
9
51
4
9
16
1
50
2
36
1
10
61
14
2
11
10
9
59
9
7
55
18
3
29
25
3
40
26
37
36
0
0
71
43
82
33
30
9
14
45
18
20
14
4
46
27
10
6
26
17
43
6
1
5
9
22
33
2
17
36
1
27
35
32
36
19
96
0
13
0
15
4
28
62
40
32
5
6
27
20
17
14
60
35
1
14
13
11
0
24
9
16
35
0
86
59
11
0
3
14
9
6
29
22
59
23
7
13
0
44
14
146
7
8
70
0
18
3
27
17
0
17
29
37
3
10
5
0
5
17
10
21
17
7
44
26
33
20
35
3
3
28
7
42
12
52
0
1
37
29
20
15
28
37
41
0
10
6
45
13
5
0
10
0
14
36
77
24
21
18
2
7
20
28
0
6
21
0
0
16
5
47
10
57
8
0
10
4
58
0
56
18
64
36
24
6
0
19
0
6
12
42
56
14
19
7
56
8
40
0
5
44
66
42
31
16
10
59
20
21
2
1
61
20
5
38
2
16
8
33
42
13
0
4
86
6
25
4
41
18
27
6
4
79
32
9
97
27
0
56
13
37
32
26
4
12
0
35
14
11
19
2
6
18
15
44
40
24
1
20
3
0
10
2
33
1
4
11
32
40
12
15
20
67
13
48
6
60
44
10
10
17
18
12
15
47
44
1
31
18
10
0
59
38
21
12
63
49
40
0
0
0
17
22
5
2
34
41
0
34
17
19
40
6
23
57
17
18
8
6
19
47
0
19
31
62
20
27
37
23
24
18
6
13
52
27
4
4
24
68
17
54
65
29
0
17
3
16
2
45
63
15
0
17
7
26
5
63
17
0
0
22
0
95
9
1
40
27
9
60
50
15
23
40
0
33
37
40
17
54
25
33
8
17
1
7
3
17
35
0
22
0
58
12
23
11
16
0
27
0
83
2
5
26
12
0
7
5
27
17
11
18
6
10
4
0
29
63
1
19
11
0
3
36
78
0
8
2
35
15
0
2
10
34
68
38
3
36
7
12
10
7
26
0
52
6
124
51
1
0
13
16
53
1
58
3
4
6
7
5
1
5
28
8
13
14
64
0
6
0
48
33
42
34
23
14
97
0
5
19
31
51
11
1
4
16
29
0
2
3
11
7
2
4
48
1
30
53
4
2
46
3
0
8
41
9
0
22
26
39
3
26
6
7
3
10
20
7
0
33
22
3
23
1
17
21
6
4
4
40
27
15
35
26
29
0
45
7
12
0
46
3
22
0
49
18
0
5
14
19
17
6
13
25
12
25
22
7
0
12
10
7
67
21
1
3
45
0
3
17
39
19
26
47
0
51
8
16
25
9
39
48
3
35
4
0
26
22
1
8
63
1
3
5
8
9
12
29
63
45
7
26
31
0
21
38
48
5
24
21
27
21
22
4
9
105
6
0
27
1
27
85
4
30
16
31
5
37
14
1
5
12
0
1
52
12
15
19
0
49
8
35
12
8
15
13
85
44
6
0
20
44
24
0
4
73
21
35
26
0
6
6
28
33
14
6
17
38
17
13
14
58
10
43
22
1
31
34
28
30
11
11
13
3
4
10
4
17
38
14
2
18
16
0
2
4
22
38
18
28
10
0
3
69
13
3
4
40
9
11
0
31
6
54
11
4
0
28
16
25
7
49
31
5
0
12
40
35
0
95
11
0
19
0
2
2
14
15
16
18
27
0
81
8
65
9
0
17
32
3
10
0
22
10
49
2
25
1
23
7
18
21
10
4
10
6
4
32
33
41
10
3
21
45
21
41
27
0
19
6
1
45
3
3
11
5
31
0
0
24
12
9
14
17
19
15
40
7
5
36
4
13
58
59
25
5
30
61
29
0
17
6
39
19
2
1
15
29
2
18
12
30
1
59
38
18
19
13
4
33
11
19
8
24
8
30
13
13
23
36
23
36
40
5
29
66
27
4
12
22
7
0
23
14
51
6
23
0
47
14
30
18
65
0
26
1
28
40
14
34
16
16
45
6
59
22
5
17
9
34
9
20
7
16
36
47
11
57
27
33
8
19
9
2
0
11
15
46
9
13
43
32
23
3
10
14
13
12
35
11
36
40
16
10
1
14
0
12
4
26
49
15
17
0
0
10
12
21
15
31
0
0
0
0
0
0
0
0
0
4
2
0
0
0
7
0
2
3
5
0
3
6
0
0
0
3
3
3
0
3
14
4
22
0
4
2
7
18
0
13
1
6
5
16
4
25
2
10
4
20
0
30
16
12
6
31
7
0
2
7
0
0
0
5
11
25
0
8
17
25
26
28
13
0
12
6
5
31
5
10
17
29
4
28
11
2
13
0
9
31
7
4
19
4
21
9
17
29
0
12
19
17
10
0
1
7
23
44
10
16
1
19
5
1
30
5
13
9
4
9
26
0
10
9
5
19
7
8
1
8
16
11
12
10
23
7
18
8
5
26
12
0
40
10
3
20
3
0
0
0
18
18
16
13
16
0
19
6
8
3
0
4
2
6
13
8
7
4
21
1
0
8
2
23
0
8
10
12
6
18
6
0
22
0
18
0
20
3
6
0
33
15
1
24
10
2
8
16
0
19
5
12
26
0
9
10
0
5
12
24
7
5
20
5
5
17
4
11
1
10
0
0
4
15
12
6
22
15
2
8
5
19
12
21
7
11
19
15
38
3
17
1
7
16
8
6
3
4
29
10
17
9
1
16
0
16
18
8
22
4
13
4
21
8
32
7
9
12
3
0
8
0
5
19
25
6
0
3
4
18
37
4
27
3
22
6
1
15
3
44
21
2
15
16
21
14
0
10
2
13
6
7
8
6
0
15
3
1
18
12
0
6
21
4
2
3
3
25
9
0
6
0
23
72
4
7
34
11
6
6
15
11
24
24
9
16
13
4
29
4
9
2
17
1
8
5
2
7
17
13
1
1
14
3
11
7
15
5
5
11
20
0
7
20
11
20
22
8
8
2
4
8
14
1
7
3
1
8
31
10
5
14
0
26
7
22
7
12
20
1
11
15
36
24
9
8
19
21
0
27
3
23
54
9
1
0
19
13
18
6
5
31
26
25
8
3
6
11
4
36
0
16
1
25
21
9
3
10
1
0
6
24
5
8
6
28
10
9
5
19
1
12
4
4
0
11
25
10
22
28
1
46
18
46
0
3
0
22
21
5
37
3
1
18
23
3
34
14
2
3
16
1
26
7
0
9
8
9
8
4
15
9
2
4
0
0
11
12
2
10
63
1
12
13
11
43
5
0
28
9
0
14
8
0
15
24
1
15
9
40
29
26
6
3
28
17
83
0
4
23
4
22
20
3
12
6
1
21
23
7
0
5
4
2
8
19
12
6
0
0
41
2
0
0
5
11
5
3
20
41
8
4
7
11
3
5
11
6
1
17
3
10
0
1
11
8
9
33
13
12
18
7
9
19
0
30
0
1
3
11
4
15
22
13
26
10
26
27
20
6
13
2
8
26
30
15
27
6
7
5
9
14
11
13
18
9
3
19
30
20
9
1
3
5
35
4
21
5
6
7
0
15
4
10
12
6
13
29
18
17
20
34
18
19
24
2
0
10
0
10
6
16
4
0
0
4
1
3
13
17
22
16
5
3
0
9
5
16
4
21
30
25
0
3
6
0
4
8
7
19
14
1
24
6
11
13
23
12
39
19
1
31
28
10
1
2
4
67
3
11
20
17
4
5
0
4
12
4
16
3
11
24
9
18
23
8
14
23
13
7
27
24
0
20
6
21
16
10
16
8
26
2
5
26
23
0
11
28
0
5
0
22
20
34
0
18
5
24
9
6
10
9
55
4
18
0
0
2
5
9
8
3
40
1
24
4
15
41
45
0
4
2
9
7
21
0
0
18
14
11
2
17
0
12
1
11
21
11
0
0
17
19
0
9
0
0
9
20
31
3
22
14
19
14
4
8
18
8
4
20
0
20
7
26
11
14
10
16
0
3
11
7
5
3
9
8
5
7
0
0
8
12
3
12
9
14
1
6
14
0
11
17
7
0
2
16
25
11
19
7
13
14
5
10
5
0
6
8
8
26
11
10
14
6
20
5
16
13
3
4
20
0
16
30
18
2
10
23
10
7
0
20
5
7
3
8
7
9
9
22
5
68
2
24
0
4
10
0
12
4
22
23
0
1
23
0
1
6
11
7
10
19
7
5
4
1
13
1
16
15
1
9
8
11
15
15
15
9
3
13
5
1
44
28
5
14
11
4
0
14
15
13
27
18
36
26
4
17
10
8
9
26
24
5
2
13
10
4
15
1
7
11
4
13
14
8
6
27
21
2
16
5
10
4
10
15
20
6
64
13
15
0
7
2
35
0
15
0
17
4
44
17
10
3
0
0
1
1
15
0
6
20
0
11
2
4
4